18:29:33.013 [main] DEBUG org.apache.hc.client5.http.wire - http-outgoing-2 << "[0xfffffffb][0xffffffff]PK[0x1][0x2][0x14][0x0][0x14][0x0][0x0][0x0][0x8][0x0]evn[[0xffffffb9][0xffffffa5]Q[0xffffff91][0x10][0x3][0x0][0x0][0x0][0x6][0x0][0x0]'[0x0][0x0][0x0][0x0][0x0][0x0][0x0][0x0][0x0][0x0][0x0][0xffffffb6][0xffffff81][0x0][0x0][0x0][0x0]chromedriver-win64/LICENSE.chromedriverPK[0x1][0x2][0x14][0x0][0x14][0x0][0x0][0x0][0x8][0x0]evn[ym[0x14][0x8][0xffffff8b]4[0x1][0x0][0xffffffab]v[0xc][0x0]3[0x0][0x0][0x0][0x0][0x0][0x0][0x0][0x0][0x0][0x0][0x0][0xffffffb6][0xffffff81]U[0x3][0x0][0x0]chromedriver-win64/THIRD_PARTY_NOTICES.chromedriverPK[0x1][0x2][0x14][0x0][0x14][0x0][0x0][0x0][0x8][0x0]fvn[[0xffffff82][0xffffffcc][0xffffffba][0xffffffb6][0xffffffae][0xfffffff1][0xffffff8f][0x0][0x0]v.[0x1]#[0x0][0x0][0x0][0x0][0x0][0x0][0x0][0x0][0x0][0x0][0x0][0xffffffff][0xffffff81]18[0x1][0x0]chromedriver-win64/chromedriver.exePK[0x5][0x6][0x0][0x0][0x0][0x0][0x3][0x0][0x3][0x0][0x7][0x1][0x0][0x0] *[0xffffff91][0x0][0x0][0x0]"
18:29:33.019 [main] DEBUG org.apache.hc.client5.http.impl.classic.InternalHttpClient - ep-0000000003 releasing valid endpoint
18:29:33.019 [main] DEBUG org.apache.hc.client5.http.impl.io.PoolingHttpClientConnectionManager - ep-0000000003 releasing endpoint
18:29:33.019 [main] DEBUG org.apache.hc.client5.http.impl.io.PoolingHttpClientConnectionManager - ep-0000000003 connection http-outgoing-2 can be kept alive for 3 MINUTES
18:29:33.019 [main] DEBUG org.apache.hc.client5.http.impl.io.PoolingHttpClientConnectionManager - ep-0000000003 connection released [route: {s}->[https://storage.googleapis.com:443]][total available: 3; route allocated: 1 of 5; total allocated: 3 of 25]
18:29:33.019 [main] INFO  io.github.bonigarcia.wdm.online.Downloader - Extracting driver from compressed file chromedriver-win64.zip
18:29:33.336 [main] INFO  io.github.bonigarcia.wdm.WebDriverManager - Exporting webdriver.chrome.driver as C:\Users\HP\.cache\selenium\chromedriver\win64\142.0.7444.175\chromedriver.exe
18:29:36.811 [main] INFO  testCases.TC001_AccountRegistrationTest - ****** Started TC001_AccountRegistrationTest ******
18:29:52.388 [main] INFO  testCases.TC001_AccountRegistrationTest - Providing customer details....
18:29:53.106 [main] INFO  testCases.TC001_AccountRegistrationTest - Validating expected message...
18:29:59.023 [main] INFO  testCases.TC001_AccountRegistrationTest - ***** Finished TC001_AccountRegistrationTest *****
18:29:59.419 [main] DEBUG io.github.bonigarcia.wdm.WebDriverManager - Using WebDriverManager 6.3.2
18:29:59.486 [main] DEBUG io.github.bonigarcia.wdm.cache.ResolutionCache - Resolution chrome=142 in cache (valid until 19:28:56 19/11/2025 IST)
18:29:59.488 [main] DEBUG io.github.bonigarcia.wdm.cache.ResolutionCache - Resolution chrome142=142.0.7444.175 in cache (valid until 18:28:56 20/11/2025 IST)
18:29:59.488 [main] INFO  io.github.bonigarcia.wdm.WebDriverManager - Using chromedriver 142.0.7444.175 (resolved driver for Chrome 142)
18:29:59.506 [main] DEBUG io.github.bonigarcia.wdm.WebDriverManager - Driver chromedriver 142.0.7444.175 found in cache
18:29:59.507 [main] INFO  io.github.bonigarcia.wdm.WebDriverManager - Exporting webdriver.chrome.driver as C:\Users\HP\.cache\selenium\chromedriver\win64\142.0.7444.175\chromedriver.exe
18:30:00.732 [main] INFO  testCases.TC002_LoginTest - **** Starting TC002_LoginTest *****
18:30:15.532 [main] INFO  testCases.TC002_LoginTest - **** Finished TC002_LoginTest ****
18:30:15.850 [main] DEBUG io.github.bonigarcia.wdm.WebDriverManager - Using WebDriverManager 6.3.2
18:30:15.871 [main] DEBUG io.github.bonigarcia.wdm.cache.ResolutionCache - Resolution chrome=142 in cache (valid until 19:28:56 19/11/2025 IST)
18:30:15.872 [main] DEBUG io.github.bonigarcia.wdm.cache.ResolutionCache - Resolution chrome142=142.0.7444.175 in cache (valid until 18:28:56 20/11/2025 IST)
18:30:15.872 [main] INFO  io.github.bonigarcia.wdm.WebDriverManager - Using chromedriver 142.0.7444.175 (resolved driver for Chrome 142)
18:30:15.885 [main] DEBUG io.github.bonigarcia.wdm.WebDriverManager - Driver chromedriver 142.0.7444.175 found in cache
18:30:15.886 [main] INFO  io.github.bonigarcia.wdm.WebDriverManager - Exporting webdriver.chrome.driver as C:\Users\HP\.cache\selenium\chromedriver\win64\142.0.7444.175\chromedriver.exe
18:30:16.722 [main] INFO  testCases.TC_RF_001 - ******* Started TC_RF_001_Account_Registration ********
18:30:18.446 [main] INFO  testCases.TC_RF_001 - Providing customer details....
18:30:22.260 [main] INFO  testCases.TC_RF_001 - Validating expected message...
18:30:22.313 [main] INFO  testCases.TC_RF_001 - ****** Finished TC_RF_001_Account_Registration ******
18:33:29.269 [main] DEBUG org.testng.TestNG - suiteXmlPath: "C:\Users\HP\eclipse-workspace\Automation\master.xml"
18:33:29.922 [main] DEBUG io.github.bonigarcia.wdm.WebDriverManager - Using WebDriverManager 6.3.2
18:33:30.504 [main] DEBUG io.github.bonigarcia.wdm.cache.ResolutionCache - Resolution chrome=142 in cache (valid until 19:28:56 19/11/2025 IST)
