20:52:21.559 [main] INFO  testCases.TC001_AccountRegistrationTest - ****** Started TC001_AccountRegistrationTest ******
20:52:29.916 [main] INFO  testCases.TC001_AccountRegistrationTest - Providing customer details....
20:52:37.410 [main] INFO  testCases.TC001_AccountRegistrationTest - Validating expected message...
20:52:42.717 [main] INFO  testCases.TC001_AccountRegistrationTest - ***** Finished TC001_AccountRegistrationTest *****
20:58:54.403 [main] INFO  testCases.TC001_AccountRegistrationTest - ****** Started TC001_AccountRegistrationTest ******
20:58:56.128 [main] INFO  testCases.TC001_AccountRegistrationTest - Providing customer details....
20:59:10.513 [main] INFO  testCases.TC001_AccountRegistrationTest - Validating expected message...
20:59:16.031 [main] INFO  testCases.TC001_AccountRegistrationTest - ***** Finished TC001_AccountRegistrationTest *****
20:59:21.418 [main] INFO  testCases.TC002_LoginTest - **** Starting TC002_LoginTest *****
20:59:29.594 [main] INFO  testCases.TC002_LoginTest - **** Finished TC002_LoginTest ****
21:01:41.220 [main] INFO  testCases.TC001_AccountRegistrationTest - ****** Started TC001_AccountRegistrationTest ******
21:01:49.213 [main] INFO  testCases.TC001_AccountRegistrationTest - Providing customer details....
21:02:00.666 [main] INFO  testCases.TC001_AccountRegistrationTest - Validating expected message...
21:02:07.163 [main] INFO  testCases.TC001_AccountRegistrationTest - ***** Finished TC001_AccountRegistrationTest *****
21:02:09.228 [main] INFO  testCases.TC002_LoginTest - **** Starting TC002_LoginTest *****
21:10:50.572 [main] INFO  testCases.TC001_AccountRegistrationTest - ****** Started TC001_AccountRegistrationTest ******
21:10:58.579 [main] INFO  testCases.TC001_AccountRegistrationTest - Providing customer details....
21:10:59.392 [main] INFO  testCases.TC001_AccountRegistrationTest - Validating expected message...
21:11:04.702 [main] INFO  testCases.TC001_AccountRegistrationTest - ***** Finished TC001_AccountRegistrationTest *****
21:11:29.597 [main] INFO  testCases.TC001_AccountRegistrationTest - ****** Started TC001_AccountRegistrationTest ******
21:11:35.042 [main] INFO  testCases.TC001_AccountRegistrationTest - Providing customer details....
21:11:35.831 [main] INFO  testCases.TC001_AccountRegistrationTest - Validating expected message...
21:11:41.318 [main] INFO  testCases.TC001_AccountRegistrationTest - ***** Finished TC001_AccountRegistrationTest *****
21:11:42.714 [main] INFO  testCases.TC002_LoginTest - **** Starting TC002_LoginTest *****
21:14:04.939 [main] INFO  testCases.TC001_AccountRegistrationTest - ****** Started TC001_AccountRegistrationTest ******
21:14:11.787 [main] INFO  testCases.TC001_AccountRegistrationTest - Providing customer details....
21:14:12.515 [main] INFO  testCases.TC001_AccountRegistrationTest - Validating expected message...
21:14:17.621 [main] INFO  testCases.TC001_AccountRegistrationTest - ***** Finished TC001_AccountRegistrationTest *****
21:14:19.347 [main] INFO  testCases.TC002_LoginTest - **** Starting TC002_LoginTest *****
21:25:20.266 [main] INFO  testCases.TC001_AccountRegistrationTest - ****** Started TC001_AccountRegistrationTest ******
21:25:26.211 [main] INFO  testCases.TC001_AccountRegistrationTest - Providing customer details....
21:25:26.866 [main] INFO  testCases.TC001_AccountRegistrationTest - Validating expected message...
21:25:32.325 [main] INFO  testCases.TC001_AccountRegistrationTest - ***** Finished TC001_AccountRegistrationTest *****
21:25:33.717 [main] INFO  testCases.TC002_LoginTest - **** Starting TC002_LoginTest *****
21:25:37.732 [main] INFO  testCases.TC002_LoginTest - **** Finished TC002_LoginTest ****
21:26:41.904 [main] INFO  testCases.TC001_AccountRegistrationTest - ****** Started TC001_AccountRegistrationTest ******
21:26:53.356 [main] INFO  testCases.TC001_AccountRegistrationTest - Providing customer details....
21:26:53.985 [main] INFO  testCases.TC001_AccountRegistrationTest - Validating expected message...
21:26:59.325 [main] INFO  testCases.TC001_AccountRegistrationTest - ***** Finished TC001_AccountRegistrationTest *****
21:27:00.980 [main] INFO  testCases.TC002_LoginTest - **** Starting TC002_LoginTest *****
21:27:04.695 [main] INFO  testCases.TC002_LoginTest - **** Finished TC002_LoginTest ****
21:28:20.197 [main] INFO  testCases.TC001_AccountRegistrationTest - ****** Started TC001_AccountRegistrationTest ******
21:28:26.753 [main] INFO  testCases.TC001_AccountRegistrationTest - Providing customer details....
21:28:27.473 [main] INFO  testCases.TC001_AccountRegistrationTest - Validating expected message...
21:28:32.321 [main] INFO  testCases.TC001_AccountRegistrationTest - ***** Finished TC001_AccountRegistrationTest *****
21:28:33.714 [main] INFO  testCases.TC002_LoginTest - **** Starting TC002_LoginTest *****
21:28:37.251 [main] INFO  testCases.TC002_LoginTest - **** Finished TC002_LoginTest ****
21:33:42.447 [main] INFO  testCases.TC001_AccountRegistrationTest - ****** Started TC001_AccountRegistrationTest ******
